<?xml version="1.0" encoding="UTF-8"?>
<!-- Generated by org.testng.reporters.JUnitXMLReporter -->
<testsuite hostname="DESKTOP-1QAGAFI" ignored="0" name="Default test" tests="3" failures="0" timestamp="2022-08-25T11:28:44 IST" time="50.443" errors="0">
  <testcase name="VerifyToAdmissionFormPageTest" time="0.028" classname="CreateAccountTest.SmokeTest"/>
  <testcase name="VerifyToAdmissionReportPage1Test" time="9.706" classname="CreateAccountTest.SmokeTest"/>
  <testcase name="VerifyToUploadDocumentsPageTest" time="5.964" classname="CreateAccountTest.SmokeTest"/>
</testsuite> <!-- Default test -->
